<?xml version="1.0" encoding="UTF-8"?>
<!-- Generated by org.testng.reporters.JUnitReportReporter -->
<testsuite hostname="Ashitha" name="gitTest.GitTest" tests="1" failures="0" timestamp="7 Aug 2017 18:01:22 GMT" time="25.706" errors="0">
  <testcase name="logintest" time="25.706" classname="gitTest.GitTest"/>
</testsuite> <!-- gitTest.GitTest -->
